{"uid":"dfc7d95447c5330a","name":"Signup with valid details","fullName":"User SignUp: Signup with valid details","historyId":"98f674e35ddb43248fa4d4f1a3db12da","time":{"start":1714293678452,"stop":1714293697795,"duration":19343},"status":"failed","statusMessage":"AssertionError: SignUp successful message doesn't match\n","statusTrace":"  File \"C:\\Users\\DELL\\AppData\\Local\\Programs\\Python\\Python312\\Lib\\site-packages\\behave\\model.py\", line 1329, in run\n    match.run(runner.context)\n  File \"C:\\Users\\DELL\\AppData\\Local\\Programs\\Python\\Python312\\Lib\\site-packages\\behave\\matchers.py\", line 98, in run\n    self.func(context, *args, **kwargs)\n  File \"steps\\UserSignUp.py\", line 35, in step_impl\n    assert alert.text == 'Sign up successful.', \"SignUp successful message doesn't match\"\n","flaky":false,"newFailed":false,"newBroken":false,"newPassed":false,"retriesCount":0,"retriesStatusChange":false,"beforeStages":[],"testStage":{"status":"failed","statusMessage":"AssertionError: SignUp successful message doesn't match\n","statusTrace":"  File \"C:\\Users\\DELL\\AppData\\Local\\Programs\\Python\\Python312\\Lib\\site-packages\\behave\\model.py\", line 1329, in run\n    match.run(runner.context)\n  File \"C:\\Users\\DELL\\AppData\\Local\\Programs\\Python\\Python312\\Lib\\site-packages\\behave\\matchers.py\", line 98, in run\n    self.func(context, *args, **kwargs)\n  File \"steps\\UserSignUp.py\", line 35, in step_impl\n    assert alert.text == 'Sign up successful.', \"SignUp successful message doesn't match\"\n","steps":[{"name":"When User clicks on the Sign Up button","time":{"start":1714293691828,"stop":1714293692304,"duration":476},"status":"passed","steps":[],"attachments":[],"parameters":[],"hasContent":false,"stepsCount":0,"attachmentStep":false,"attachmentsCount":0,"shouldDisplayMessage":false},{"name":"And enters a valid username \"automate52\" and valid password \"automate\"","time":{"start":1714293692304,"stop":1714293693661,"duration":1357},"status":"passed","steps":[],"attachments":[],"parameters":[],"hasContent":false,"stepsCount":0,"attachmentStep":false,"attachmentsCount":0,"shouldDisplayMessage":false},{"name":"And click on sign-up button","time":{"start":1714293693661,"stop":1714293693762,"duration":101},"status":"passed","steps":[],"attachments":[],"parameters":[],"hasContent":false,"stepsCount":0,"attachmentStep":false,"attachmentsCount":0,"shouldDisplayMessage":false},{"name":"Then It should display confirmation message","time":{"start":1714293693762,"stop":1714293694776,"duration":1014},"status":"failed","statusMessage":"AssertionError: SignUp successful message doesn't match\n","statusTrace":"  File \"C:\\Users\\DELL\\AppData\\Local\\Programs\\Python\\Python312\\Lib\\site-packages\\behave\\model.py\", line 1329, in run\n    match.run(runner.context)\n  File \"C:\\Users\\DELL\\AppData\\Local\\Programs\\Python\\Python312\\Lib\\site-packages\\behave\\matchers.py\", line 98, in run\n    self.func(context, *args, **kwargs)\n  File \"steps\\UserSignUp.py\", line 35, in step_impl\n    assert alert.text == 'Sign up successful.', \"SignUp successful message doesn't match\"\n","steps":[],"attachments":[],"parameters":[],"hasContent":true,"stepsCount":0,"attachmentStep":false,"attachmentsCount":0,"shouldDisplayMessage":true}],"attachments":[],"parameters":[],"hasContent":true,"stepsCount":4,"attachmentStep":false,"attachmentsCount":0,"shouldDisplayMessage":false},"afterStages":[],"labels":[{"name":"severity","value":"normal"},{"name":"feature","value":"User SignUp"},{"name":"framework","value":"behave"},{"name":"language","value":"cpython3"},{"name":"resultFormat","value":"allure2"}],"parameters":[],"links":[],"hidden":true,"retry":true,"extra":{"categories":[],"tags":[]},"source":"dfc7d95447c5330a.json","parameterValues":[]}